<?xml version="1.0" encoding="UTF-8"?>
<testng-results skipped="0" failed="1" total="1" passed="0">
  <reporter-output>
    <line>
      <![CDATA[<div "featureFile">Feature File: src&#x2F;test&#x2F;resources&#x2F;com&#x2F;seleniumtests&#x2F;cucumbertest&#x2F;features&#x2F;ClubRegNew.feature</div>]]>
    </line>
    <line>
      <![CDATA[<div "feature">Feature: ClubRegistration</div>]]>
    </line>
    <line>
      <![CDATA[<div "result">Given  I want to open the browser (passed : 6s)</div>]]>
    </line>
    <line>
      <![CDATA[<div "result">And  I visit the https:&#x2F;&#x2F;tbbqabeta.productpartners.com url (passed : 12s)</div>]]>
    </line>
    <line>
      <![CDATA[<div "result">And  I visit to the Signup Page (passed : 11s)</div>]]>
    </line>
    <line>
      <![CDATA[<div "result">When  I click on the club signup (passed : 9s)</div>]]>
    </line>
    <line>
      <![CDATA[<div "scenario">Scenario: DataEntryValid</div>]]>
    </line>
    <line>
      <![CDATA[firstName: OctC<br>]]>
    </line>
    <line>
      <![CDATA[lastName: club12<br>]]>
    </line>
    <line>
      <![CDATA[email: rj12_011014_c7@mailinator.com<br>]]>
    </line>
    <line>
      <![CDATA[confirmEmail: rj12_011014_c7@mailinator.com<br>]]>
    </line>
    <line>
      <![CDATA[password: 11111<br>]]>
    </line>
    <line>
      <![CDATA[confirmPassword: 11111<br>]]>
    </line>
    <line>
      <![CDATA[screenName: OctC12club7<br>]]>
    </line>
    <line>
      <![CDATA[dateOfBirth: 1978<br>]]>
    </line>
    <line>
      <![CDATA[phoneTextbox: 1111111111<br>]]>
    </line>
    <line>
      <![CDATA[shippingCountry: Canada<br>]]>
    </line>
    <line>
      <![CDATA[shippingStreet1: OctC<br>]]>
    </line>
    <line>
      <![CDATA[shippingStreet2: club7<br>]]>
    </line>
    <line>
      <![CDATA[shippingCity: montreal<br>]]>
    </line>
    <line>
      <![CDATA[shippingState: Quebec<br>]]>
    </line>
    <line>
      <![CDATA[shippingZip: h3b5l1<br>]]>
    </line>
    <line>
      <![CDATA[ccFirstName: abc<br>]]>
    </line>
    <line>
      <![CDATA[ccLastName: xyz<br>]]>
    </line>
    <line>
      <![CDATA[ccType: Visa<br>]]>
    </line>
    <line>
      <![CDATA[ccNumber: 4222222222222<br>]]>
    </line>
    <line>
      <![CDATA[ccExp: 2021<br>]]>
    </line>
    <line>
      <![CDATA[ccCvv: 123<br>]]>
    </line>
    <line>
      <![CDATA[billingCB: TRUE<br>]]>
    </line>
    <line>
      <![CDATA[coachReferral: TRUE<br>]]>
    </line>
    <line>
      <![CDATA[coachReferral: 994<br>]]>
    </line>
    <line>
      <![CDATA[TnC: TRUE<br>]]>
    </line>
    <line>
      <![CDATA[CASL: TRUE<br>]]>
    </line>
    <line>
      <![CDATA[captchaText: 1111<br>]]>
    </line>
    <line>
      <![CDATA[<div "result">Then  i do submit with valid form entry (passed : 10s)</div>]]>
    </line>
    <line>
      <![CDATA[Existing User<br>]]>
    </line>
    <line>
      <![CDATA[Not Created Successfully<br>]]>
    </line>
    <line>
      <![CDATA[<div "result">And  i get welcome page (failed : 0s)</div>]]>
    </line>
    <line>
      <![CDATA[<div "result">Given  I want to open the browser (passed : 2s)</div>]]>
    </line>
    <line>
      <![CDATA[<div "result">And  I visit the https:&#x2F;&#x2F;tbbqabeta.productpartners.com url (passed : 15s)</div>]]>
    </line>
    <line>
      <![CDATA[<div "result">And  I visit to the Signup Page (passed : 3s)</div>]]>
    </line>
    <line>
      <![CDATA[<div "result">When  I click on the club signup (passed : 23s)</div>]]>
    </line>
    <line>
      <![CDATA[<div "scenario">Scenario: DataEntryInValid</div>]]>
    </line>
    <line>
      <![CDATA[firstName: OctC<br>]]>
    </line>
    <line>
      <![CDATA[lastName: club8<br>]]>
    </line>
    <line>
      <![CDATA[email: rj_011014_c7@mailinator.com<br>]]>
    </line>
    <line>
      <![CDATA[confirmEmail: rj_011014_c7@mailinator.com<br>]]>
    </line>
    <line>
      <![CDATA[password: 11111<br>]]>
    </line>
    <line>
      <![CDATA[confirmPassword: 11111<br>]]>
    </line>
    <line>
      <![CDATA[screenName: OctCclub8<br>]]>
    </line>
    <line>
      <![CDATA[dateOfBirth: 1978<br>]]>
    </line>
    <line>
      <![CDATA[phoneTextbox: 1111111111<br>]]>
    </line>
    <line>
      <![CDATA[shippingCountry: Canada<br>]]>
    </line>
    <line>
      <![CDATA[shippingStreet1: OctC<br>]]>
    </line>
    <line>
      <![CDATA[shippingStreet2: club7<br>]]>
    </line>
    <line>
      <![CDATA[shippingCity: montreal<br>]]>
    </line>
    <line>
      <![CDATA[shippingState: Quebec<br>]]>
    </line>
    <line>
      <![CDATA[shippingZip: h3b5l1<br>]]>
    </line>
    <line>
      <![CDATA[ccFirstName: abc<br>]]>
    </line>
    <line>
      <![CDATA[ccLastName: xyz<br>]]>
    </line>
    <line>
      <![CDATA[ccType: Visa<br>]]>
    </line>
    <line>
      <![CDATA[ccNumber: 4222222222222<br>]]>
    </line>
    <line>
      <![CDATA[ccExp: 2021<br>]]>
    </line>
    <line>
      <![CDATA[ccCvv: 123<br>]]>
    </line>
    <line>
      <![CDATA[billingCB: TRUE<br>]]>
    </line>
    <line>
      <![CDATA[coachReferral: TRUE<br>]]>
    </line>
    <line>
      <![CDATA[coachReferral: 994<br>]]>
    </line>
    <line>
      <![CDATA[TnC: TRUE<br>]]>
    </line>
    <line>
      <![CDATA[CASL: TRUE<br>]]>
    </line>
    <line>
      <![CDATA[captchaText: 1111<br>]]>
    </line>
    <line>
      <![CDATA[<div "result">Then  i do submit with Invalid form entry (passed : 13s)</div>]]>
    </line>
    <line>
      <![CDATA[<div "result">And  i get error page (passed : 0s)</div>]]>
    </line>
  </reporter-output>
  <suite name="Selenium Tests" duration-ms="117761" started-at="2014-11-17T11:41:10Z" finished-at="2014-11-17T11:43:07Z">
    <groups>
      <group name="examples-testng">
        <method signature="RunCucumberTests.runCukes()[pri:0, instance:com.seleniumtests.cucumbertest.java.RunCucumberTests@25e01f19]" name="runCukes" class="com.seleniumtests.cucumbertest.java.RunCucumberTests"/>
      </group> <!-- examples-testng -->
    </groups>
    <test name="Cucumber Tests" duration-ms="117761" started-at="2014-11-17T11:41:10Z" finished-at="2014-11-17T11:43:07Z">
      <class name="com.seleniumtests.cucumbertest.java.RunCucumberTests">
        <test-method status="FAIL" signature="runCukes()[pri:0, instance:com.seleniumtests.cucumbertest.java.RunCucumberTests@25e01f19]" name="runCukes" duration-ms="117740" started-at="2014-11-17T17:11:10Z" description="Example of using TestNGCucumberRunner to invoke Cucumber" finished-at="2014-11-17T17:13:07Z">
          <exception class="cucumber.runtime.CucumberException">
            <message>
              <![CDATA[java.lang.AssertionError: java.lang.AssertionError: expected [false] but found [true]java.lang.AssertionError: expected [true] but found [false]]]>
            </message>
            <full-stacktrace>
              <![CDATA[cucumber.runtime.CucumberException: java.lang.AssertionError: java.lang.AssertionError: expected [false] but found [true]java.lang.AssertionError: expected [true] but found [false]
	at cucumber.api.testng.TestNGCucumberRunner.runCukes(TestNGCucumberRunner.java:58)
	at com.seleniumtests.cucumbertest.java.RunCucumberTests.runCukes(RunCucumberTests.java:26)
	at sun.reflect.NativeMethodAccessorImpl.invoke0(Native Method)
	at sun.reflect.NativeMethodAccessorImpl.invoke(NativeMethodAccessorImpl.java:57)
	at sun.reflect.DelegatingMethodAccessorImpl.invoke(DelegatingMethodAccessorImpl.java:43)
	at java.lang.reflect.Method.invoke(Method.java:606)
	at org.testng.internal.MethodInvocationHelper.invokeMethod(MethodInvocationHelper.java:84)
	at org.testng.internal.Invoker.invokeMethod(Invoker.java:714)
	at org.testng.internal.Invoker.invokeTestMethod(Invoker.java:901)
	at org.testng.internal.Invoker.invokeTestMethods(Invoker.java:1231)
	at org.testng.internal.TestMethodWorker.invokeTestMethods(TestMethodWorker.java:127)
	at org.testng.internal.TestMethodWorker.run(TestMethodWorker.java:111)
	at org.testng.TestRunner.privateRun(TestRunner.java:767)
	at org.testng.TestRunner.run(TestRunner.java:617)
	at org.testng.SuiteRunner.runTest(SuiteRunner.java:348)
	at org.testng.SuiteRunner.access$000(SuiteRunner.java:38)
	at org.testng.SuiteRunner$SuiteWorker.run(SuiteRunner.java:382)
	at org.testng.internal.thread.ThreadUtil$2.call(ThreadUtil.java:64)
	at java.util.concurrent.FutureTask.run(FutureTask.java:262)
	at java.util.concurrent.ThreadPoolExecutor.runWorker(ThreadPoolExecutor.java:1145)
	at java.util.concurrent.ThreadPoolExecutor$Worker.run(ThreadPoolExecutor.java:615)
	at java.lang.Thread.run(Thread.java:745)
Caused by: java.lang.AssertionError: java.lang.AssertionError: expected [false] but found [true]java.lang.AssertionError: expected [true] but found [false]
	at com.thoughtworks.selenium.SeleneseTestBase.fail(SeleneseTestBase.java:391)
	at com.seleniumtests.core.CustomVerification.checkForVerificationErrors(CustomVerification.java:102)
	at com.seleniumtests.cucumbertest.java.ClubRegSteps.i_get_welcome_page(ClubRegSteps.java:113)
	at ?.And i get welcome page(src/test/resources/com/seleniumtests/cucumbertest/features/ClubRegNew.feature:16)
]]>
            </full-stacktrace>
          </exception> <!-- cucumber.runtime.CucumberException -->
          <reporter-output>
            <line>
              <![CDATA[<div "featureFile">Feature File: src&#x2F;test&#x2F;resources&#x2F;com&#x2F;seleniumtests&#x2F;cucumbertest&#x2F;features&#x2F;ClubRegNew.feature</div>]]>
            </line>
            <line>
              <![CDATA[<div "feature">Feature: ClubRegistration</div>]]>
            </line>
            <line>
              <![CDATA[<div "result">Given  I want to open the browser (passed : 6s)</div>]]>
            </line>
            <line>
              <![CDATA[<div "result">And  I visit the https:&#x2F;&#x2F;tbbqabeta.productpartners.com url (passed : 12s)</div>]]>
            </line>
            <line>
              <![CDATA[<div "result">And  I visit to the Signup Page (passed : 11s)</div>]]>
            </line>
            <line>
              <![CDATA[<div "result">When  I click on the club signup (passed : 9s)</div>]]>
            </line>
            <line>
              <![CDATA[<div "scenario">Scenario: DataEntryValid</div>]]>
            </line>
            <line>
              <![CDATA[firstName: OctC<br>]]>
            </line>
            <line>
              <![CDATA[lastName: club12<br>]]>
            </line>
            <line>
              <![CDATA[email: rj12_011014_c7@mailinator.com<br>]]>
            </line>
            <line>
              <![CDATA[confirmEmail: rj12_011014_c7@mailinator.com<br>]]>
            </line>
            <line>
              <![CDATA[password: 11111<br>]]>
            </line>
            <line>
              <![CDATA[confirmPassword: 11111<br>]]>
            </line>
            <line>
              <![CDATA[screenName: OctC12club7<br>]]>
            </line>
            <line>
              <![CDATA[dateOfBirth: 1978<br>]]>
            </line>
            <line>
              <![CDATA[phoneTextbox: 1111111111<br>]]>
            </line>
            <line>
              <![CDATA[shippingCountry: Canada<br>]]>
            </line>
            <line>
              <![CDATA[shippingStreet1: OctC<br>]]>
            </line>
            <line>
              <![CDATA[shippingStreet2: club7<br>]]>
            </line>
            <line>
              <![CDATA[shippingCity: montreal<br>]]>
            </line>
            <line>
              <![CDATA[shippingState: Quebec<br>]]>
            </line>
            <line>
              <![CDATA[shippingZip: h3b5l1<br>]]>
            </line>
            <line>
              <![CDATA[ccFirstName: abc<br>]]>
            </line>
            <line>
              <![CDATA[ccLastName: xyz<br>]]>
            </line>
            <line>
              <![CDATA[ccType: Visa<br>]]>
            </line>
            <line>
              <![CDATA[ccNumber: 4222222222222<br>]]>
            </line>
            <line>
              <![CDATA[ccExp: 2021<br>]]>
            </line>
            <line>
              <![CDATA[ccCvv: 123<br>]]>
            </line>
            <line>
              <![CDATA[billingCB: TRUE<br>]]>
            </line>
            <line>
              <![CDATA[coachReferral: TRUE<br>]]>
            </line>
            <line>
              <![CDATA[coachReferral: 994<br>]]>
            </line>
            <line>
              <![CDATA[TnC: TRUE<br>]]>
            </line>
            <line>
              <![CDATA[CASL: TRUE<br>]]>
            </line>
            <line>
              <![CDATA[captchaText: 1111<br>]]>
            </line>
            <line>
              <![CDATA[<div "result">Then  i do submit with valid form entry (passed : 10s)</div>]]>
            </line>
            <line>
              <![CDATA[Existing User<br>]]>
            </line>
            <line>
              <![CDATA[Not Created Successfully<br>]]>
            </line>
            <line>
              <![CDATA[<div "result">And  i get welcome page (failed : 0s)</div>]]>
            </line>
            <line>
              <![CDATA[<div "result">Given  I want to open the browser (passed : 2s)</div>]]>
            </line>
            <line>
              <![CDATA[<div "result">And  I visit the https:&#x2F;&#x2F;tbbqabeta.productpartners.com url (passed : 15s)</div>]]>
            </line>
            <line>
              <![CDATA[<div "result">And  I visit to the Signup Page (passed : 3s)</div>]]>
            </line>
            <line>
              <![CDATA[<div "result">When  I click on the club signup (passed : 23s)</div>]]>
            </line>
            <line>
              <![CDATA[<div "scenario">Scenario: DataEntryInValid</div>]]>
            </line>
            <line>
              <![CDATA[firstName: OctC<br>]]>
            </line>
            <line>
              <![CDATA[lastName: club8<br>]]>
            </line>
            <line>
              <![CDATA[email: rj_011014_c7@mailinator.com<br>]]>
            </line>
            <line>
              <![CDATA[confirmEmail: rj_011014_c7@mailinator.com<br>]]>
            </line>
            <line>
              <![CDATA[password: 11111<br>]]>
            </line>
            <line>
              <![CDATA[confirmPassword: 11111<br>]]>
            </line>
            <line>
              <![CDATA[screenName: OctCclub8<br>]]>
            </line>
            <line>
              <![CDATA[dateOfBirth: 1978<br>]]>
            </line>
            <line>
              <![CDATA[phoneTextbox: 1111111111<br>]]>
            </line>
            <line>
              <![CDATA[shippingCountry: Canada<br>]]>
            </line>
            <line>
              <![CDATA[shippingStreet1: OctC<br>]]>
            </line>
            <line>
              <![CDATA[shippingStreet2: club7<br>]]>
            </line>
            <line>
              <![CDATA[shippingCity: montreal<br>]]>
            </line>
            <line>
              <![CDATA[shippingState: Quebec<br>]]>
            </line>
            <line>
              <![CDATA[shippingZip: h3b5l1<br>]]>
            </line>
            <line>
              <![CDATA[ccFirstName: abc<br>]]>
            </line>
            <line>
              <![CDATA[ccLastName: xyz<br>]]>
            </line>
            <line>
              <![CDATA[ccType: Visa<br>]]>
            </line>
            <line>
              <![CDATA[ccNumber: 4222222222222<br>]]>
            </line>
            <line>
              <![CDATA[ccExp: 2021<br>]]>
            </line>
            <line>
              <![CDATA[ccCvv: 123<br>]]>
            </line>
            <line>
              <![CDATA[billingCB: TRUE<br>]]>
            </line>
            <line>
              <![CDATA[coachReferral: TRUE<br>]]>
            </line>
            <line>
              <![CDATA[coachReferral: 994<br>]]>
            </line>
            <line>
              <![CDATA[TnC: TRUE<br>]]>
            </line>
            <line>
              <![CDATA[CASL: TRUE<br>]]>
            </line>
            <line>
              <![CDATA[captchaText: 1111<br>]]>
            </line>
            <line>
              <![CDATA[<div "result">Then  i do submit with Invalid form entry (passed : 13s)</div>]]>
            </line>
            <line>
              <![CDATA[<div "result">And  i get error page (passed : 0s)</div>]]>
            </line>
          </reporter-output>
        </test-method> <!-- runCukes -->
      </class> <!-- com.seleniumtests.cucumbertest.java.RunCucumberTests -->
    </test> <!-- Cucumber Tests -->
  </suite> <!-- Selenium Tests -->
</testng-results>
