<?xml version="1.0" encoding="UTF-8"?>
<testsuite name="TestSuite" time="117.752" tests="1" errors="0" skipped="0" failures="1">
  <properties>
[...]
</properties>
  <testcase name="runCukes" classname="com.seleniumtests.cucumbertest.java.RunCucumberTests" time="117.752">
    <failure message="java.lang.AssertionError: java.lang.AssertionError: expected [false] but found [true]java.lang.AssertionError: expected [true] but found [false]" type="cucumber.runtime.CucumberException">cucumber.runtime.CucumberException: java.lang.AssertionError: java.lang.AssertionError: expected [false] but found [true]java.lang.AssertionError: expected [true] but found [false]
	at cucumber.api.testng.TestNGCucumberRunner.runCukes(TestNGCucumberRunner.java:58)
	at com.seleniumtests.cucumbertest.java.RunCucumberTests.runCukes(RunCucumberTests.java:26)
Caused by: java.lang.AssertionError: java.lang.AssertionError: expected [false] but found [true]java.lang.AssertionError: expected [true] but found [false]
	at com.thoughtworks.selenium.SeleneseTestBase.fail(SeleneseTestBase.java:391)
	at com.seleniumtests.core.CustomVerification.checkForVerificationErrors(CustomVerification.java:102)
	at com.seleniumtests.cucumbertest.java.ClubRegSteps.i_get_welcome_page(ClubRegSteps.java:113)
	at ✽.And i get welcome page(src/test/resources/com/seleniumtests/cucumbertest/features/ClubRegNew.feature:16)
</failure>
    <system-out><![CDATA[...
... TestNG 6.8.9beta by Cédric Beust (cedric@beust.com)
...

Feature: ClubRegistration
Browser= chrome
Platform= VISTA
URL= https://tbbqabeta.productpartners.com

  Background: SignUp                                          # src/test/resources/com/seleniumtests/cucumbertest/features/ClubRegNew.feature:3
    Given I want to open the browser                          # ClubRegSteps.i_want_to_open_the_browser()
    And I visit the https://tbbqabeta.productpartners.com url # ClubRegSteps.i_visit_the_https_tbbqabeta_productpartners_com_url()
    And I visit to the Signup Page                            # ClubRegSteps.i_visit_to_the_Signup_Page()
    When I click on the club signup                           # ClubRegSteps.i_click_on_the_club_signup()
TNCtrue
Invisibilitytrue
hidden true

  @run
  Scenario: DataEntryValid                 # src/test/resources/com/seleniumtests/cucumbertest/features/ClubRegNew.feature:10
    Then i do submit with valid form entry # ClubRegSteps.i_do_submit_with_valid_form_entry(DataTable)
    #| OctC | club8 | rj7_011014_c7@mailinator.com | rj7_011014_c7@mailinator.com | 11111 | 11111 | OctC7club8 | 1978 | 1111111111 | United States | OctC | club7 | seattle | Washington | 98106 | abc | xyz | Visa | 4222222222222 | 2021 | 123 | TRUE | FALSE |  | TRUE | FALSE | 1111 |
    And i get welcome page                 # ClubRegSteps.i_get_welcome_page()
      java.lang.AssertionError: java.lang.AssertionError: expected [false] but found [true]java.lang.AssertionError: expected [true] but found [false]
      	at com.thoughtworks.selenium.SeleneseTestBase.fail(SeleneseTestBase.java:391)
      	at com.seleniumtests.core.CustomVerification.checkForVerificationErrors(CustomVerification.java:102)
      	at com.seleniumtests.cucumbertest.java.ClubRegSteps.i_get_welcome_page(ClubRegSteps.java:113)
      	at ?.And i get welcome page(src/test/resources/com/seleniumtests/cucumbertest/features/ClubRegNew.feature:16)

Browser= chrome
Platform= VISTA
URL= https://tbbqabeta.productpartners.com

  Background: SignUp                                          # src/test/resources/com/seleniumtests/cucumbertest/features/ClubRegNew.feature:3
    Given I want to open the browser                          # ClubRegSteps.i_want_to_open_the_browser()
    And I visit the https://tbbqabeta.productpartners.com url # ClubRegSteps.i_visit_the_https_tbbqabeta_productpartners_com_url()
    And I visit to the Signup Page                            # ClubRegSteps.i_visit_to_the_Signup_Page()
    When I click on the club signup                           # ClubRegSteps.i_click_on_the_club_signup()
TNCtrue
Invisibilitytrue
hidden true

  @run
  Scenario: DataEntryInValid                 # src/test/resources/com/seleniumtests/cucumbertest/features/ClubRegNew.feature:19
    Then i do submit with Invalid form entry # ClubRegSteps.i_do_submit_with_Invalid_form_entry(DataTable)
    #| OctC | club7 | rj_011014_c7@mailinator.com | rj_011014_c7@mailinator.com | 11111 | 11111 | OctCclub7 | 1978 | 1111111111 | Canada | OctC | club7 | montreal | Quebec | h3b5l1 | abc | xyz | Visa | 4222222222222 | 2021 | 123 | TRUE | TRUE | 994 | TRUE | TRUE | 1111 |
    And i get error page                     # ClubRegSteps.i_get_error_page()

2 Scenarios (1 failed, 1 passed)
12 Steps (1 failed, 11 passed)
1m57.106s

java.lang.AssertionError: java.lang.AssertionError: expected [false] but found [true]java.lang.AssertionError: expected [true] but found [false]
	at com.thoughtworks.selenium.SeleneseTestBase.fail(SeleneseTestBase.java:391)
	at com.seleniumtests.core.CustomVerification.checkForVerificationErrors(CustomVerification.java:102)
	at com.seleniumtests.cucumbertest.java.ClubRegSteps.i_get_welcome_page(ClubRegSteps.java:113)
	at ?.And i get welcome page(src/test/resources/com/seleniumtests/cucumbertest/features/ClubRegNew.feature:16)


2 Scenarios (1 failed, 1 passed)
12 Steps (1 failed, 11 passed)
1m57.106s

java.lang.AssertionError: java.lang.AssertionError: expected [false] but found [true]java.lang.AssertionError: expected [true] but found [false]
	at com.thoughtworks.selenium.SeleneseTestBase.fail(SeleneseTestBase.java:391)
	at com.seleniumtests.core.CustomVerification.checkForVerificationErrors(CustomVerification.java:102)
	at com.seleniumtests.cucumbertest.java.ClubRegSteps.i_get_welcome_page(ClubRegSteps.java:113)
	at ?.And i get welcome page(src/test/resources/com/seleniumtests/cucumbertest/features/ClubRegNew.feature:16)

]]></system-out>
    <system-err><![CDATA[Starting ChromeDriver (v2.10.267521) on port 5418
Only local connections are allowed.
Starting ChromeDriver (v2.10.267521) on port 13395
Only local connections are allowed.
]]></system-err>
  </testcase>
</testsuite>