<?xml version="1.0" encoding="UTF-8"?>
<testng-results skipped="0" failed="0" total="1" passed="1">
  <reporter-output>
    <line>
      <![CDATA[<div "featureFile">Feature File: src&#x2F;test&#x2F;resources&#x2F;com&#x2F;seleniumtests&#x2F;cucumbertest&#x2F;features&#x2F;ClubRegNew.feature</div>]]>
    </line>
    <line>
      <![CDATA[<div "feature">Feature: ClubRegistration</div>]]>
    </line>
    <line>
      <![CDATA[<div "result">Given  I want to open the browser (undefined)</div>]]>
    </line>
    <line>
      <![CDATA[<div "result">And  I visit the https:&#x2F;&#x2F;tbbqabeta.productpartners.com url (undefined)</div>]]>
    </line>
    <line>
      <![CDATA[<div "result">And  I visit to the Signup Page (undefined)</div>]]>
    </line>
    <line>
      <![CDATA[<div "result">When  I click on the club signup (undefined)</div>]]>
    </line>
    <line>
      <![CDATA[<div "scenario">Scenario: DataEntryValid</div>]]>
    </line>
    <line>
      <![CDATA[<div "result">Then  i do submit with valid form entry (undefined)</div>]]>
    </line>
    <line>
      <![CDATA[<div "result">And  i get welcome page (undefined)</div>]]>
    </line>
    <line>
      <![CDATA[<div "result">Given  I want to open the browser (undefined)</div>]]>
    </line>
    <line>
      <![CDATA[<div "result">And  I visit the https:&#x2F;&#x2F;tbbqabeta.productpartners.com url (undefined)</div>]]>
    </line>
    <line>
      <![CDATA[<div "result">And  I visit to the Signup Page (undefined)</div>]]>
    </line>
    <line>
      <![CDATA[<div "result">When  I click on the club signup (undefined)</div>]]>
    </line>
    <line>
      <![CDATA[<div "scenario">Scenario: DataEntryInValid</div>]]>
    </line>
    <line>
      <![CDATA[<div "result">Then  i do submit with Invalid form entry (undefined)</div>]]>
    </line>
    <line>
      <![CDATA[<div "result">And  i get error page (undefined)</div>]]>
    </line>
  </reporter-output>
  <suite name="Default suite" duration-ms="794" started-at="2014-10-20T12:57:20Z" finished-at="2014-10-20T12:57:21Z">
    <groups>
      <group name="examples-testng">
        <method signature="RunCucumberTests.runCukes()[pri:0, instance:com.seleniumtests.cucumbertest.java.RunCucumberTests@7fd91c09]" name="runCukes" class="com.seleniumtests.cucumbertest.java.RunCucumberTests"/>
      </group> <!-- examples-testng -->
    </groups>
    <test name="Default test" duration-ms="794" started-at="2014-10-20T12:57:20Z" finished-at="2014-10-20T12:57:21Z">
      <class name="com.seleniumtests.cucumbertest.java.RunCucumberTests">
        <test-method status="PASS" signature="runCukes()[pri:0, instance:com.seleniumtests.cucumbertest.java.RunCucumberTests@7fd91c09]" name="runCukes" duration-ms="774" started-at="2014-10-20T18:27:20Z" description="Example of using TestNGCucumberRunner to invoke Cucumber" finished-at="2014-10-20T18:27:21Z">
          <reporter-output>
            <line>
              <![CDATA[<div "featureFile">Feature File: src&#x2F;test&#x2F;resources&#x2F;com&#x2F;seleniumtests&#x2F;cucumbertest&#x2F;features&#x2F;ClubRegNew.feature</div>]]>
            </line>
            <line>
              <![CDATA[<div "feature">Feature: ClubRegistration</div>]]>
            </line>
            <line>
              <![CDATA[<div "result">Given  I want to open the browser (undefined)</div>]]>
            </line>
            <line>
              <![CDATA[<div "result">And  I visit the https:&#x2F;&#x2F;tbbqabeta.productpartners.com url (undefined)</div>]]>
            </line>
            <line>
              <![CDATA[<div "result">And  I visit to the Signup Page (undefined)</div>]]>
            </line>
            <line>
              <![CDATA[<div "result">When  I click on the club signup (undefined)</div>]]>
            </line>
            <line>
              <![CDATA[<div "scenario">Scenario: DataEntryValid</div>]]>
            </line>
            <line>
              <![CDATA[<div "result">Then  i do submit with valid form entry (undefined)</div>]]>
            </line>
            <line>
              <![CDATA[<div "result">And  i get welcome page (undefined)</div>]]>
            </line>
            <line>
              <![CDATA[<div "result">Given  I want to open the browser (undefined)</div>]]>
            </line>
            <line>
              <![CDATA[<div "result">And  I visit the https:&#x2F;&#x2F;tbbqabeta.productpartners.com url (undefined)</div>]]>
            </line>
            <line>
              <![CDATA[<div "result">And  I visit to the Signup Page (undefined)</div>]]>
            </line>
            <line>
              <![CDATA[<div "result">When  I click on the club signup (undefined)</div>]]>
            </line>
            <line>
              <![CDATA[<div "scenario">Scenario: DataEntryInValid</div>]]>
            </line>
            <line>
              <![CDATA[<div "result">Then  i do submit with Invalid form entry (undefined)</div>]]>
            </line>
            <line>
              <![CDATA[<div "result">And  i get error page (undefined)</div>]]>
            </line>
          </reporter-output>
        </test-method> <!-- runCukes -->
      </class> <!-- com.seleniumtests.cucumbertest.java.RunCucumberTests -->
    </test> <!-- Default test -->
  </suite> <!-- Default suite -->
</testng-results>
